<?xml version="1.0" encoding="UTF-8"?>
<testsuite name="org.seongsu.stockproject.Mapper.MyPageMapperTest" tests="1" skipped="0" failures="0" errors="0" timestamp="2024-10-16T09:07:41" hostname="WIN-OPM3TB4AK0M" time="1.136">
  <properties/>
  <testcase name="selectMyReviewTest()" classname="org.seongsu.stockproject.Mapper.MyPageMapperTest" time="1.136"/>
  <system-out><![CDATA[18:07:40.413 [Test worker] INFO org.springframework.test.context.support.AnnotationConfigContextLoaderUtils -- Could not detect default configuration classes for test class [org.seongsu.stockproject.Mapper.MyPageMapperTest]: MyPageMapperTest does not declare any static, non-private, non-final, nested classes annotated with @Configuration.
18:07:40.478 [Test worker] INFO org.springframework.boot.test.context.SpringBootTestContextBootstrapper -- Found @SpringBootConfiguration org.seongsu.stockproject.StockProjectApplication for test class org.seongsu.stockproject.Mapper.MyPageMapperTest

  .   ____          _            __ _ _
 /\\ / ___'_ __ _ _(_)_ __  __ _ \ \ \ \
( ( )\___ | '_ | '_| | '_ \/ _` | \ \ \ \
 \\/  ___)| |_)| | | | | || (_| |  ) ) ) )
  '  |____| .__|_| |_|_| |_\__, | / / / /
 =========|_|==============|___/=/_/_/_/

 :: Spring Boot ::                (v3.3.4)

2024-10-16T18:07:40.677+09:00  INFO 9276 --- [StockProject] [    Test worker] o.s.s.Mapper.MyPageMapperTest            : Starting MyPageMapperTest using Java 17.0.11 with PID 9276 (started by ICT02_19 in C:\Users\ICT02_19\Documents\git\javacode\StockProject)
2024-10-16T18:07:40.678+09:00  INFO 9276 --- [StockProject] [    Test worker] o.s.s.Mapper.MyPageMapperTest            : No active profile set, falling back to 1 default profile: "default"
2024-10-16T18:07:41.086+09:00 DEBUG 9276 --- [StockProject] [    Test worker] o.m.s.mapper.ClassPathMapperScanner      : Ignored because not a concrete top-level class: file [C:\Users\ICT02_19\Documents\git\javacode\StockProject\build\classes\java\test\org\seongsu\stockproject\Mapper\BoardMapperTest.class]
2024-10-16T18:07:41.086+09:00 DEBUG 9276 --- [StockProject] [    Test worker] o.m.s.mapper.ClassPathMapperScanner      : Ignored because not a concrete top-level class: file [C:\Users\ICT02_19\Documents\git\javacode\StockProject\build\classes\java\test\org\seongsu\stockproject\Mapper\MyPageMapperTest.class]
2024-10-16T18:07:41.086+09:00 DEBUG 9276 --- [StockProject] [    Test worker] o.m.s.mapper.ClassPathMapperScanner      : Ignored because not a concrete top-level class: file [C:\Users\ICT02_19\Documents\git\javacode\StockProject\build\classes\java\test\org\seongsu\stockproject\Mapper\TourMapperTest.class]
2024-10-16T18:07:41.086+09:00 DEBUG 9276 --- [StockProject] [    Test worker] o.m.s.mapper.ClassPathMapperScanner      : Ignored because not a concrete top-level class: file [C:\Users\ICT02_19\Documents\git\javacode\StockProject\build\classes\java\test\org\seongsu\stockproject\Mapper\UserMapperTest.class]
2024-10-16T18:07:41.086+09:00 DEBUG 9276 --- [StockProject] [    Test worker] o.m.s.mapper.ClassPathMapperScanner      : Identified candidate component class: file [C:\Users\ICT02_19\Documents\git\javacode\StockProject\build\classes\java\main\org\seongsu\stockproject\Mapper\BoardMapper.class]
2024-10-16T18:07:41.086+09:00 DEBUG 9276 --- [StockProject] [    Test worker] o.m.s.mapper.ClassPathMapperScanner      : Identified candidate component class: file [C:\Users\ICT02_19\Documents\git\javacode\StockProject\build\classes\java\main\org\seongsu\stockproject\Mapper\MarketMapper.class]
2024-10-16T18:07:41.086+09:00 DEBUG 9276 --- [StockProject] [    Test worker] o.m.s.mapper.ClassPathMapperScanner      : Identified candidate component class: file [C:\Users\ICT02_19\Documents\git\javacode\StockProject\build\classes\java\main\org\seongsu\stockproject\Mapper\TourMapper.class]
2024-10-16T18:07:41.086+09:00 DEBUG 9276 --- [StockProject] [    Test worker] o.m.s.mapper.ClassPathMapperScanner      : Identified candidate component class: file [C:\Users\ICT02_19\Documents\git\javacode\StockProject\build\classes\java\main\org\seongsu\stockproject\Mapper\UserMapper.class]
2024-10-16T18:07:41.087+09:00 DEBUG 9276 --- [StockProject] [    Test worker] o.m.s.mapper.ClassPathMapperScanner      : Creating MapperFactoryBean with name 'boardMapper' and 'org.seongsu.stockproject.Mapper.BoardMapper' mapperInterface
2024-10-16T18:07:41.088+09:00 DEBUG 9276 --- [StockProject] [    Test worker] o.m.s.mapper.ClassPathMapperScanner      : Enabling autowire by type for MapperFactoryBean with name 'boardMapper'.
2024-10-16T18:07:41.088+09:00 DEBUG 9276 --- [StockProject] [    Test worker] o.m.s.mapper.ClassPathMapperScanner      : Creating MapperFactoryBean with name 'marketMapper' and 'org.seongsu.stockproject.Mapper.MarketMapper' mapperInterface
2024-10-16T18:07:41.089+09:00 DEBUG 9276 --- [StockProject] [    Test worker] o.m.s.mapper.ClassPathMapperScanner      : Enabling autowire by type for MapperFactoryBean with name 'marketMapper'.
2024-10-16T18:07:41.089+09:00 DEBUG 9276 --- [StockProject] [    Test worker] o.m.s.mapper.ClassPathMapperScanner      : Creating MapperFactoryBean with name 'tourMapper' and 'org.seongsu.stockproject.Mapper.TourMapper' mapperInterface
2024-10-16T18:07:41.089+09:00 DEBUG 9276 --- [StockProject] [    Test worker] o.m.s.mapper.ClassPathMapperScanner      : Enabling autowire by type for MapperFactoryBean with name 'tourMapper'.
2024-10-16T18:07:41.089+09:00 DEBUG 9276 --- [StockProject] [    Test worker] o.m.s.mapper.ClassPathMapperScanner      : Creating MapperFactoryBean with name 'userMapper' and 'org.seongsu.stockproject.Mapper.UserMapper' mapperInterface
2024-10-16T18:07:41.089+09:00 DEBUG 9276 --- [StockProject] [    Test worker] o.m.s.mapper.ClassPathMapperScanner      : Enabling autowire by type for MapperFactoryBean with name 'userMapper'.
2024-10-16T18:07:41.364+09:00  WARN 9276 --- [StockProject] [    Test worker] o.mybatis.spring.SqlSessionFactoryBean   : Cannot load the 'file [C:\Users\ICT02_19\Documents\git\javacode\StockProject\build\classes\java\main\org\seongsu\stockproject\Config\MyBatisUtil.class]'. Cause by java.lang.ExceptionInInitializerError
2024-10-16T18:07:41.417+09:00 DEBUG 9276 --- [StockProject] [    Test worker] o.mybatis.spring.SqlSessionFactoryBean   : Parsed mapper file: 'file [C:\Users\ICT02_19\Documents\git\javacode\StockProject\build\resources\main\Mapper\BoardMapper.xml]'
2024-10-16T18:07:41.425+09:00 DEBUG 9276 --- [StockProject] [    Test worker] o.mybatis.spring.SqlSessionFactoryBean   : Parsed mapper file: 'file [C:\Users\ICT02_19\Documents\git\javacode\StockProject\build\resources\main\Mapper\MarketMapper.xml]'
2024-10-16T18:07:41.433+09:00 DEBUG 9276 --- [StockProject] [    Test worker] o.mybatis.spring.SqlSessionFactoryBean   : Parsed mapper file: 'file [C:\Users\ICT02_19\Documents\git\javacode\StockProject\build\resources\main\Mapper\TourMapper.xml]'
2024-10-16T18:07:41.439+09:00 DEBUG 9276 --- [StockProject] [    Test worker] o.mybatis.spring.SqlSessionFactoryBean   : Parsed mapper file: 'file [C:\Users\ICT02_19\Documents\git\javacode\StockProject\build\resources\main\Mapper\UserMapper.xml]'
2024-10-16T18:07:41.517+09:00  INFO 9276 --- [StockProject] [    Test worker] r$InitializeUserDetailsManagerConfigurer : Global AuthenticationManager configured with UserDetailsService bean with name customUserDetailsService
2024-10-16T18:07:41.912+09:00  INFO 9276 --- [StockProject] [    Test worker] o.s.s.Mapper.MyPageMapperTest            : Started MyPageMapperTest in 1.356 seconds (process running for 1.968)
2024-10-16T18:07:42.354+09:00 DEBUG 9276 --- [StockProject] [    Test worker] org.mybatis.spring.SqlSessionUtils       : Creating a new SqlSession
2024-10-16T18:07:42.354+09:00 DEBUG 9276 --- [StockProject] [    Test worker] org.mybatis.spring.SqlSessionUtils       : SqlSession [org.apache.ibatis.session.defaults.DefaultSqlSession@44864ebe] was not registered for synchronization because synchronization is not active
2024-10-16T18:07:42.354+09:00  INFO 9276 --- [StockProject] [    Test worker] com.zaxxer.hikari.HikariDataSource       : HikariPool-1 - Starting...
2024-10-16T18:07:42.894+09:00  INFO 9276 --- [StockProject] [    Test worker] com.zaxxer.hikari.pool.HikariPool        : HikariPool-1 - Added connection oracle.jdbc.driver.T4CConnection@45f95ac0
2024-10-16T18:07:42.894+09:00  INFO 9276 --- [StockProject] [    Test worker] com.zaxxer.hikari.HikariDataSource       : HikariPool-1 - Start completed.
2024-10-16T18:07:42.894+09:00 DEBUG 9276 --- [StockProject] [    Test worker] o.m.s.t.SpringManagedTransaction         : JDBC Connection [HikariProxyConnection@471126605 wrapping oracle.jdbc.driver.T4CConnection@45f95ac0] will not be managed by Spring
2024-10-16T18:07:42.989+09:00 DEBUG 9276 --- [StockProject] [    Test worker] org.mybatis.spring.SqlSessionUtils       : Closing non transactional SqlSession [org.apache.ibatis.session.defaults.DefaultSqlSession@44864ebe]
testmembersVO{id='admin2', passwd='$2a$10$x1iyAt1h/O8/tTvDRfdCde/zTyAeHlFWeXV2y3wxWkWj5ulL.F0xK', member_gubun=1, manager_role='1', status=1, name='김관리', birthday='880101', telno='01012341234', email='educenter@oraora.com', create_date=2022-01-01, last_change_id='null', last_change_date=null, expire_date=null}
2024-10-16T18:07:42.989+09:00 DEBUG 9276 --- [StockProject] [    Test worker] org.mybatis.spring.SqlSessionUtils       : Creating a new SqlSession
2024-10-16T18:07:42.989+09:00 DEBUG 9276 --- [StockProject] [    Test worker] org.mybatis.spring.SqlSessionUtils       : SqlSession [org.apache.ibatis.session.defaults.DefaultSqlSession@26728255] was not registered for synchronization because synchronization is not active
2024-10-16T18:07:42.989+09:00 DEBUG 9276 --- [StockProject] [    Test worker] o.m.s.t.SpringManagedTransaction         : JDBC Connection [HikariProxyConnection@53251431 wrapping oracle.jdbc.driver.T4CConnection@45f95ac0] will not be managed by Spring
2024-10-16T18:07:43.068+09:00 DEBUG 9276 --- [StockProject] [    Test worker] org.mybatis.spring.SqlSessionUtils       : Closing non transactional SqlSession [org.apache.ibatis.session.defaults.DefaultSqlSession@26728255]
test[reviewboardVO{review_id=21, star=1, name='admin2', content='글내용', create_date=2024-10-16, market_tour_code='T1159'}, reviewboardVO{review_id=22, star=1, name='admin2', content='글내용', create_date=2024-10-16, market_tour_code='T1159'}, reviewboardVO{review_id=23, star=1, name='admin2', content='글내용', create_date=2024-10-16, market_tour_code='T1159'}, reviewboardVO{review_id=24, star=1, name='admin2', content='글내용', create_date=2024-10-16, market_tour_code='T1159'}, reviewboardVO{review_id=25, star=1, name='admin2', content='글내용', create_date=2024-10-16, market_tour_code='T1159'}, reviewboardVO{review_id=26, star=1, name='admin2', content='글내용', create_date=2024-10-16, market_tour_code='T1159'}, reviewboardVO{review_id=27, star=1, name='admin2', content='글내용', create_date=2024-10-16, market_tour_code='T1159'}, reviewboardVO{review_id=28, star=1, name='admin2', content='글내용', create_date=2024-10-16, market_tour_code='T1159'}, reviewboardVO{review_id=29, star=1, name='admin2', content='글내용', create_date=2024-10-16, market_tour_code='T1159'}, reviewboardVO{review_id=30, star=1, name='admin2', content='글내용', create_date=2024-10-16, market_tour_code='T1159'}, reviewboardVO{review_id=41, star=1, name='admin2', content='글내용', create_date=2024-10-16, market_tour_code='T1159'}]
]]></system-out>
  <system-err><![CDATA[]]></system-err>
</testsuite>
